[0.077s] Invoking command in '/Users/howardkang/auto_car/build/rplidar_ros': CONDA_PROMPT_MODIFIER=(ros2) SHLVL=2 _=/Users/howardkang/miniconda3/envs/ros2/bin/env __CF_USER_TEXT_ENCODING=0x1F5:0x0:0x0 /Users/howardkang/miniconda3/envs/ros2/bin/cmake --build /Users/howardkang/auto_car/build/rplidar_ros -- -j8 -l8
[0.270s] [ 11%] Building CXX object CMakeFiles/rplidar_composition_node.dir/sdk/src/arch/linux/net_socket.cpp.o
[0.270s] [ 22%] Building CXX object CMakeFiles/rplidar_composition_node.dir/sdk/src/rplidar_driver.cpp.o
[0.278s] [ 33%] Building CXX object CMakeFiles/rplidar_composition_node.dir/sdk/src/arch/linux/net_serial.cpp.o
[0.295s] [ 44%] Building CXX object CMakeFiles/rplidar_composition_node.dir/sdk/src/hal/thread.cpp.o
[1.102s] In file included from /Users/howardkang/auto_car/src/rplidar_ros2-ros2/sdk/src/rplidar_driver.cpp:35:
[1.106s] In file included from /Users/howardkang/auto_car/src/rplidar_ros2-ros2/./sdk/src/sdkcommon.h:48:
[1.106s] In file included from /Users/howardkang/auto_car/src/rplidar_ros2-ros2/./sdk/include/rplidar.h:39:
[1.106s] /Users/howardkang/auto_car/src/rplidar_ros2-ros2/./sdk/include/rplidar_protocol.h:59:14: warning: zero size arrays are an extension [-Wzero-length-array]
[1.106s]     _u8 data[0];
[1.106s]              ^
[1.106s] In file included from /Users/howardkang/auto_car/src/rplidar_ros2-ros2/sdk/src/arch/linux/net_socket.cpp:10:
[1.106s] In file included from /Users/howardkang/auto_car/src/rplidar_ros2-ros2/./sdk/src/sdkcommon.h:48:
[1.106s] In file included from /Users/howardkang/auto_car/src/rplidar_ros2-ros2/./sdk/include/rplidar.h:39In file included from /Users/howardkang/auto_car/src/rplidar_ros2-ros2/sdk/src/rplidar_driver.cpp:35:
[1.107s] In file included from /Users/howardkang/auto_car/src/rplidar_ros2-ros2/./sdk/src/sdkcommon.h:48:
[1.107s] In file included from /Users/howardkang/auto_car/src/rplidar_ros2-ros2/./sdk/include/rplidar.h:40:
[1.107s] /Users/howardkang/auto_car/src/rplidar_ros2-ros2/./sdk/include/rplidar_cmd.h:260:18: warning: zero size arrays are an extension [-Wzero-length-array]
[1.107s]     _u8  payload[0];
[1.107s]                  ^
[1.107s] :
[1.107s] /Users/howardkang/auto_car/src/rplidar_ros2-ros2/./sdk/include/rplidar_protocol.h:59:14: warning: zero size arrays are an extension [-Wzero-length-array]
[1.107s]     _u8 data[0];
[1.107s]              ^
[1.107s] In file included from /Users/howardkang/auto_car/src/rplidar_ros2-ros2/sdk/src/arch/linux/net_socket.cpp:10:
[1.107s] In file included from /Users/howardkang/auto_car/src/rplidar_ros2-ros2/./sdk/src/sdkcommon.h:48:
[1.107s] In file included from /Users/howardkang/auto_car/src/rplidar_ros2-ros2/./sdk/include/rplidar.h:40:
[1.107s] /Users/howardkang/auto_car/src/rplidar_ros2-ros2/./sdk/include/rplidar_cmd.h:260:18: warning: zero size arrays are an extension [-Wzero-length-array]
[1.107s]     _u8  payload[0];
[1.107s]                  ^
[1.107s] /Users/howardkang/auto_car/src/rplidar_ros2-ros2/sdk/src/arch/linux/net_serial.cpp:55:10: fatal error: 'asm/ioctls.h' file not found
[1.107s] #include <asm/ioctls.h>
[1.107s]          ^~~~~~~~~~~~~~
[1.110s] 1 error generated.
[1.112s] In file included from /Users/howardkang/auto_car/src/rplidar_ros2-ros2/sdk/src/hal/thread.cpp:35:
[1.112s] In file included from /Users/howardkang/auto_car/src/rplidar_ros2-ros2/./sdk/src/sdkcommon.h:48:
[1.112s] In file included from /Users/howardkang/auto_car/src/rplidar_ros2-ros2/./sdk/include/rplidar.h:39:
[1.113s] /Users/howardkang/auto_car/src/rplidar_ros2-ros2/./sdk/include/rplidar_protocol.h:59:14: warning: zero size arrays are an extension [-Wzero-length-array]
[1.113s]     _u8 data[0];
[1.113s]              ^
[1.113s] In file included from /Users/howardkang/auto_car/src/rplidar_ros2-ros2/sdk/src/hal/thread.cpp:35:
[1.113s] In file included from /Users/howardkang/auto_car/src/rplidar_ros2-ros2/./sdk/src/sdkcommon.h:48:
[1.113s] In file included from /Users/howardkang/auto_car/src/rplidar_ros2-ros2/./sdk/include/rplidar.h:40:
[1.113s] /Users/howardkang/auto_car/src/rplidar_ros2-ros2/./sdk/include/rplidar_cmd.h:260:18: warning: zero size arrays are an extension [-Wzero-length-array]
[1.114s]     _u8  payload[0];
[1.114s]                  ^
[1.115s] In file included from /Users/howardkang/auto_car/src/rplidar_ros2-ros2/sdk/src/rplidar_driver.cpp:41:
[1.115s] /Users/howardkang/auto_car/src/rplidar_ros2-ros2/./sdk/src/hal/locker.h:102:21: error: use of undeclared identifier 'pthread_mutex_timedlock'
[1.115s]             switch (pthread_mutex_timedlock(&_lock,&wait_time))
[1.116s]                     ^
[1.116s] make[2]: *** [CMakeFiles/rplidar_composition_node.dir/build.make:90: CMakeFiles/rplidar_composition_node.dir/sdk/src/arch/linux/net_serial.cpp.o] Error 1
[1.116s] make[2]: *** Waiting for unfinished jobs....
[1.116s] /Users/howardkang/auto_car/src/rplidar_ros2-ros2/sdk/src/arch/linux/net_socket.cpp:170:15: error: ordered comparison between pointer and zero ('const char *' and 'int')
[1.116s]     return ans<=0?RESULT_OPERATION_FAIL:RESULT_OK;
[1.116s]            ~~~^ ~
[1.117s] In file included from /Users/howardkang/auto_car/src/rplidar_ros2-ros2/sdk/src/hal/thread.cpp:43:
[1.117s] /Users/howardkang/auto_car/src/rplidar_ros2-ros2/./sdk/src/arch/linux/thread.hpp:95:19: error: no member named '__sched_priority' in 'sched_param'; did you mean 'sched_priority'?
[1.117s]     current_param.__sched_priority = current_policy;
[1.117s]                   ^~~~~~~~~~~~~~~~
[1.117s]                   sched_priority
[1.117s] /Library/Developer/CommandLineTools/SDKs/MacOSX.sdk/usr/include/pthread/sched.h:35:26: note: 'sched_priority' declared here
[1.117s] struct sched_param { int sched_priority;  char __opaque[__SCHED_PARAM_SIZE__]; };
[1.117s]                          ^
[1.117s] In file included from /Users/howardkang/auto_car/src/rplidar_ros2-ros2/sdk/src/hal/thread.cpp:43:
[1.117s] /Users/howardkang/auto_car/src/rplidar_ros2-ros2/./sdk/src/arch/linux/thread.hpp:118:23: error: no member named '__sched_priority' in 'sched_param'; did you mean 'sched_priority'?
[1.117s]     if (current_param.__sched_priority ==(pthread_priority_max ))
[1.118s]                       ^~~~~~~~~~~~~~~~
[1.118s]                       sched_priority
[1.118s] /Library/Developer/CommandLineTools/SDKs/MacOSX.sdk/usr/include/pthread/sched.h:35:26: note: 'sched_priority' declared here
[1.118s] struct sched_param { int sched_priority;  char __opaque[__SCHED_PARAM_SIZE__]; };
[1.118s]                          ^
[1.118s] In file included from /Users/howardkang/auto_car/src/rplidar_ros2-ros2/sdk/src/hal/thread.cpp:43:
[1.118s] /Users/howardkang/auto_car/src/rplidar_ros2-ros2/./sdk/src/arch/linux/thread.hpp:122:23: error: no member named '__sched_priority' in 'sched_param'; did you mean 'sched_priority'?
[1.118s]     if (current_param.__sched_priority >=(pthread_priority_max + pthread_priority_min)/2)
[1.118s]                       ^~~~~~~~~~~~~~~~
[1.118s]                       sched_priority
[1.118s] /Library/Developer/CommandLineTools/SDKs/MacOSX.sdk/usr/include/pthread/sched.h:35:26: note: 'sched_priority' declared here
[1.118s] struct sched_param { int sched_priority;  char __opaque[__SCHED_PARAM_SIZE__]; };
[1.118s]                          ^
[1.118s] In file included from /Users/howardkang/auto_car/src/rplidar_ros2-ros2/sdk/src/hal/thread.cpp:43:
[1.118s] /Users/howardkang/auto_car/src/rplidar_ros2-ros2/./sdk/src/arch/linux/thread.hpp:129:37: warning: unused parameter 'timeout' [-Wunused-parameter]
[1.118s] u_result Thread::join(unsigned long timeout)
[1.118s]                                     ^
[1.121s] /Users/howardkang/auto_car/src/rplidar_ros2-ros2/sdk/src/arch/linux/net_socket.cpp:438:17: warning: comparison of integers of different signs: 'size_t' (aka 'unsigned long') and 'int' [-Wsign-compare]
[1.121s]         if (ans == (int)len) {
[1.121s]             ~~~ ^  ~~~~~~~~
[1.121s] /Users/howardkang/auto_car/src/rplidar_ros2-ros2/sdk/src/rplidar_driver.cpp:121:46: warning: unused parameter 'timeout' [-Wunused-parameter]
[1.121s] u_result RPlidarDriverImplCommon::reset(_u32 timeout)
[1.121s]                                              ^
[1.122s] /Users/howardkang/auto_car/src/rplidar_ros2-ros2/sdk/src/rplidar_driver.cpp:274:75: warning: unused parameter 'timeout' [-Wunused-parameter]
[1.123s] u_result RPlidarDriverImplCommon::checkIfTofLidar(bool & isTofLidar, _u32 timeout)
[1.123s]                                                                           ^
[1.123s] /Users/howardkang/auto_car/src/rplidar_ros2-ros2/sdk/src/arch/linux/net_socket.cpp:726:24: warning: comparison of integers of different signs: 'size_t' (aka 'unsigned long') and 'int' [-Wsign-compare]
[1.123s]             assert(ans == (int)len);
[1.123s]                    ~~~ ^  ~~~~~~~~
[1.123s] /Library/Developer/CommandLineTools/SDKs/MacOSX.sdk/usr/include/assert.h:99:25: note: expanded from macro 'assert'
[1.123s]     (__builtin_expect(!(e), 0) ? __assert_rtn(__func__, __ASSERT_FILE_NAME, __LINE__, #e) : (void)0)
[1.123s]                         ^
[1.124s] /Users/howardkang/auto_car/src/rplidar_ros2-ros2/sdk/src/arch/linux/net_socket.cpp:818:20: error: use of undeclared identifier 'AF_PACKET'
[1.124s]             return AF_PACKET;
[1.125s]                    ^
[1.125s] /Users/howardkang/auto_car/src/rplidar_ros2-ros2/sdk/src/rplidar_driver.cpp:1207:32: warning: comparison of integers of different signs: 'int' and 'unsigned int' [-Wsign-compare]
[1.125s]             if ((dist_predict1 == 0xFFFFFE00) || (dist_predict1 == 0x1FF)) {
[1.125s]                  ~~~~~~~~~~~~~ ^  ~~~~~~~~~~
[1.125s] /Users/howardkang/auto_car/src/rplidar_ros2-ros2/sdk/src/rplidar_driver.cpp:1215:32: warning: comparison of integers of different signs: 'int' and 'unsigned int' [-Wsign-compare]
[1.125s]             if ((dist_predict2 == 0xFFFFFE00) || (dist_predict2 == 0x1FF)) {
[1.125s]                  ~~~~~~~~~~~~~ ^  ~~~~~~~~~~
[1.128s] /Users/howardkang/auto_car/src/rplidar_ros2-ros2/sdk/src/rplidar_driver.cpp:1453:105: warning: unused parameter 'timeoutInMs' [-Wunused-parameter]
[1.128s] u_result RPlidarDriverImplCommon::getAllSupportedScanModes(std::vector<RplidarScanMode>& outModes, _u32 timeoutInMs)
[1.128s]                                                                                                         ^
[1.128s] /Users/howardkang/auto_car/src/rplidar_ros2-ros2/sdk/src/rplidar_driver.cpp:1550:83: warning: unused parameter 'options' [-Wunused-parameter]
[1.129s] u_result RPlidarDriverImplCommon::startScan(bool force, bool useTypicalScan, _u32 options, RplidarScanMode* outUsedScanMode)
[1.129s]                                                                                   ^
[1.129s] /Users/howardkang/auto_car/src/rplidar_ros2-ros2/sdk/src/rplidar_driver.cpp:1774:45: warning: unused parameter 'timeout' [-Wunused-parameter]
[1.129s] u_result RPlidarDriverImplCommon::stop(_u32 timeout)
[1.129s]                                             ^
[1.129s] /Users/howardkang/auto_car/src/rplidar_ros2-ros2/sdk/src/rplidar_driver.cpp:1795:10: error: case value evaluates to -1, which cannot be narrowed to type 'unsigned long' [-Wc++11-narrowing]
[1.129s]     case rp::hal::Event::EVENT_TIMEOUT:
[1.130s]          ^
[1.130s] /Users/howardkang/auto_car/src/rplidar_ros2-ros2/sdk/src/rplidar_driver.cpp:1824:10: error: case value evaluates to -1, which cannot be narrowed to type 'unsigned long' [-Wc++11-narrowing]
[1.130s]     case rp::hal::Event::EVENT_TIMEOUT:
[1.130s]          ^
[1.133s] /Users/howardkang/auto_car/src/rplidar_ros2-ros2/sdk/src/rplidar_driver.cpp:2162:68: warning: unused parameter 'timeout' [-Wunused-parameter]
[1.134s] u_result RPlidarDriverImplCommon::setLidarSpinSpeed(_u16 rpm, _u32 timeout)
[1.134s]                                                                    ^
[1.134s] /Users/howardkang/auto_car/src/rplidar_ros2-ros2/sdk/src/rplidar_driver.cpp:2240:83: warning: unused parameter 'flag' [-Wunused-parameter]
[1.134s] u_result RPlidarDriverSerial::connect(const char * port_path, _u32 baudrate, _u32 flag)
[1.135s]                                                                                   ^
[1.135s] /Users/howardkang/auto_car/src/rplidar_ros2-ros2/sdk/src/rplidar_driver.cpp:2282:72: warning: unused parameter 'flag' [-Wunused-parameter]
[1.135s] u_result RPlidarDriverTCP::connect(const char * ipStr, _u32 port, _u32 flag)
[1.135s]                                                                        ^
[1.147s] 3 warnings and 3 errors generated.
[1.152s] make[2]: *** [CMakeFiles/rplidar_composition_node.dir/build.make:132: CMakeFiles/rplidar_composition_node.dir/sdk/src/hal/thread.cpp.o] Error 1
[1.157s] 4 warnings and 2 errors generated.
[1.162s] make[2]: *** [CMakeFiles/rplidar_composition_node.dir/build.make:104: CMakeFiles/rplidar_composition_node.dir/sdk/src/arch/linux/net_socket.cpp.o] Error 1
[1.202s] 12 warnings and 3 errors generated.
[1.205s] make[2]: *** [CMakeFiles/rplidar_composition_node.dir/build.make:146: CMakeFiles/rplidar_composition_node.dir/sdk/src/rplidar_driver.cpp.o] Error 1
[1.206s] make[1]: *** [CMakeFiles/Makefile2:139: CMakeFiles/rplidar_composition_node.dir/all] Error 2
[1.207s] make: *** [Makefile:146: all] Error 2
[1.209s] Invoked command in '/Users/howardkang/auto_car/build/rplidar_ros' returned '2': CONDA_PROMPT_MODIFIER=(ros2) SHLVL=2 _=/Users/howardkang/miniconda3/envs/ros2/bin/env __CF_USER_TEXT_ENCODING=0x1F5:0x0:0x0 /Users/howardkang/miniconda3/envs/ros2/bin/cmake --build /Users/howardkang/auto_car/build/rplidar_ros -- -j8 -l8
