[0.082s] Invoking command in '/Users/howardkang/auto_car/build/rplidar_ros': CONDA_PROMPT_MODIFIER=(ros2) SHLVL=2 _=/Users/howardkang/miniconda3/envs/ros2/bin/env __CF_USER_TEXT_ENCODING=0x1F5:0x0:0x0 /Users/howardkang/miniconda3/envs/ros2/bin/cmake --build /Users/howardkang/auto_car/build/rplidar_ros -- -j8 -l8
[0.270s] [  5%] Building CXX object CMakeFiles/rplidarNodeClient.dir/src/client.cpp.o
[0.326s] [ 16%] Building CXX object CMakeFiles/rplidarNode.dir/sdk/src/arch/linux/net_serial.cpp.o
[0.326s] [ 16%] Building CXX object CMakeFiles/rplidarNode.dir/sdk/src/rplidar_driver.cpp.o
[0.327s] [ 22%] Building CXX object CMakeFiles/rplidarNode.dir/sdk/src/arch/linux/net_socket.cpp.o
[0.353s] [ 27%] Building CXX object CMakeFiles/rplidarNode.dir/sdk/src/hal/thread.cpp.o
[0.360s] [ 33%] Building CXX object CMakeFiles/rplidar_composition_node.dir/sdk/src/arch/linux/net_socket.cpp.o
[0.365s] [ 38%] Building CXX object CMakeFiles/rplidar_composition_node.dir/sdk/src/arch/linux/net_serial.cpp.o
[0.395s] [ 44%] Building CXX object CMakeFiles/rplidarNode.dir/src/node.cpp.o
[0.631s] clang-16: clang-16: error: no such file or directory: '/Users/howardkang/auto_car/src/rplidar_ros2-ros2/src/node.cpp'
[0.632s] clang-16: error: no input files
[0.632s] error: no such file or directory: '/Users/howardkang/auto_car/src/rplidar_ros2-ros2/src/client.cpp'
[0.632s] clang-16: error: no input files
[0.651s] make[2]: *** [CMakeFiles/rplidarNode.dir/build.make:76: CMakeFiles/rplidarNode.dir/src/node.cpp.o] Error 1
[0.651s] make[2]: *** Waiting for unfinished jobs....
[0.651s] make[2]: *** [CMakeFiles/rplidarNodeClient.dir/build.make:76: CMakeFiles/rplidarNodeClient.dir/src/client.cpp.o] Error 1
[0.652s] make[1]: *** [CMakeFiles/Makefile2:195: CMakeFiles/rplidarNodeClient.dir/all] Error 2
[0.652s] make[1]: *** Waiting for unfinished jobs....
[0.670s] [ 50%] Building CXX object CMakeFiles/rplidar_composition_node.dir/sdk/src/hal/thread.cpp.o
[0.671s] [ 55%] Building CXX object CMakeFiles/rplidar_composition_node.dir/sdk/src/rplidar_driver.cpp.o
[1.709s] /Users/howardkang/auto_car/src/rplidar_ros2-ros2/sdk/src/arch/linux/net_serial.cpp:55:10: fatal error: 'asm/ioctls.h' file not found
[1.710s] #include <asm/ioctls.h>
[1.710s]          ^~~~~~~~~~~~~~
[1.713s] 1 error generated.
[1.718s] make[2]: *** [CMakeFiles/rplidar_composition_node.dir/build.make:90: CMakeFiles/rplidar_composition_node.dir/sdk/src/arch/linux/net_serial.cpp.o] Error 1
[1.718s] make[2]: *** Waiting for unfinished jobs....
[1.835s] /Users/howardkang/auto_car/src/rplidar_ros2-ros2/sdk/src/arch/linux/net_serial.cpp:55:10: fatal error: 'asm/ioctls.h' file not found
[1.835s] #include <asm/ioctls.h>
[1.835s]          ^~~~~~~~~~~~~~
[1.837s] In file included from /Users/howardkang/auto_car/src/rplidar_ros2-ros2/sdk/src/rplidar_driver.cpp:35:
[1.838s] In file included from /Users/howardkang/auto_car/src/rplidar_ros2-ros2/./sdk/src/sdkcommon.h:48:
[1.838s] In file included from /Users/howardkang/auto_car/src/rplidar_ros2-ros2/./sdk/include/rplidar.h:39:
[1.838s] /Users/howardkang/auto_car/src/rplidar_ros2-ros2/./sdk/include/rplidar_protocol.h:59:14: warning: zero size arrays are an extension [-Wzero-length-array]
[1.838s]     _u8 data[0];
[1.838s]              ^
[1.839s] In file included from /Users/howardkang/auto_car/src/rplidar_ros2-ros2/sdk/src/rplidar_driver.cpp:35:
[1.840s] In file included from /Users/howardkang/auto_car/src/rplidar_ros2-ros2/./sdk/src/sdkcommon.h:48:
[1.840s] In file included from /Users/howardkang/auto_car/src/rplidar_ros2-ros2/./sdk/include/rplidar.h:40:
[1.840s] /Users/howardkang/auto_car/src/rplidar_ros2-ros2/./sdk/include/rplidar_cmd.h:260:18: warning: zero size arrays are an extension [-Wzero-length-array]
[1.840s]     _u8  payload[0];
[1.840s]                  ^
[1.848s] In file included from /Users/howardkang/auto_car/src/rplidar_ros2-ros2/sdk/src/rplidar_driver.cpp:41:
[1.848s] /Users/howardkang/auto_car/src/rplidar_ros2-ros2/./sdk/src/hal/locker.h:102:21: error: use of undeclared identifier 'pthread_mutex_timedlock'
[1.848s]             switch (pthread_mutex_timedlock(&_lock,&wait_time))
[1.848s]                     ^
[1.851s] 1 error generated.
[1.852s] /Users/howardkang/auto_car/src/rplidar_ros2-ros2/sdk/src/rplidar_driver.cpp:121:46: warning: unused parameter 'timeout' [-Wunused-parameter]
[1.852s] u_result RPlidarDriverImplCommon::reset(_u32 timeout)
[1.852s]                                              ^
[1.853s] /Users/howardkang/auto_car/src/rplidar_ros2-ros2/sdk/src/rplidar_driver.cpp:275:75: warning: unused parameter 'timeout' [-Wunused-parameter]
[1.853s] u_result RPlidarDriverImplCommon::checkIfTofLidar(bool & isTofLidar, _u32 timeout)
[1.853s]                                                                           ^
[1.854s] /Users/howardkang/auto_car/src/rplidar_ros2-ros2/sdk/src/rplidar_driver.cpp:671:16: warning: variable 'last_angleInc_q16' set but not used [-Wunused-but-set-variable]
[1.854s]     static int last_angleInc_q16 = 0;
[1.854s]                ^
[1.855s] /Users/howardkang/auto_car/src/rplidar_ros2-ros2/sdk/src/rplidar_driver.cpp:673:9: warning: unused variable 'syncBit_check_threshold' [-Wunused-variable]
[1.855s]     int syncBit_check_threshold = (int)((5 << 16) / angleInc_q16) + 1;//find syncBit in 0~3 degree
[1.855s]         ^
[1.855s] make[2]: *** [CMakeFiles/rplidarNode.dir/build.make:90: CMakeFiles/rplidarNode.dir/sdk/src/arch/linux/net_serial.cpp.o] Error 1
[1.855s] /Users/howardkang/auto_car/src/rplidar_ros2-ros2/sdk/src/rplidar_driver.cpp:771:46: warning: unused variable 'last_scan_count' [-Wunused-variable]
[1.856s]     size_t                                   last_scan_count = 0;
[1.856s]                                              ^
[1.856s] /Users/howardkang/auto_car/src/rplidar_ros2-ros2/sdk/src/rplidar_driver.cpp:850:17: warning: unused variable 'syncBit_check_threshold' [-Wunused-variable]
[1.856s]             int syncBit_check_threshold = (int)((2 << 16) / angleInc_q16) + 1;//find syncBit in 0~1 degree
[1.856s]                 ^
[1.857s] /Users/howardkang/auto_car/src/rplidar_ros2-ros2/sdk/src/rplidar_driver.cpp:1256:21: warning: unused variable 'syncBit_check_threshold' [-Wunused-variable]
[1.857s]                 int syncBit_check_threshold = (int)((3 << 16) / angleInc_q16)+1;//find syncBit in 0~1 degree
[1.857s]                     ^
[1.857s] /Users/howardkang/auto_car/src/rplidar_ros2-ros2/sdk/src/rplidar_driver.cpp:1238:32: warning: comparison of integers of different signs: 'int' and 'unsigned int' [-Wsign-compare]
[1.857s]             if ((dist_predict1 == 0xFFFFFE00) || (dist_predict1 == 0x1FF)) {
[1.857s]                  ~~~~~~~~~~~~~ ^  ~~~~~~~~~~
[1.857s] /Users/howardkang/auto_car/src/rplidar_ros2-ros2/sdk/src/rplidar_driver.cpp:1246:32: warning: comparison of integers of different signs: 'int' and 'unsigned int' [-Wsign-compare]
[1.858s]             if ((dist_predict2 == 0xFFFFFE00) || (dist_predict2 == 0x1FF)) {
[1.858s]                  ~~~~~~~~~~~~~ ^  ~~~~~~~~~~
[1.861s] /Users/howardkang/auto_car/src/rplidar_ros2-ros2/sdk/src/rplidar_driver.cpp:1484:105: warning: unused parameter 'timeoutInMs' [-Wunused-parameter]
[1.861s] u_result RPlidarDriverImplCommon::getAllSupportedScanModes(std::vector<RplidarScanMode>& outModes, _u32 timeoutInMs)
[1.861s]                                                                                                         ^
[1.862s] /Users/howardkang/auto_car/src/rplidar_ros2-ros2/sdk/src/rplidar_driver.cpp:1581:83: warning: unused parameter 'options' [-Wunused-parameter]
[1.862s] u_result RPlidarDriverImplCommon::startScan(bool force, bool useTypicalScan, _u32 options, RplidarScanMode* outUsedScanMode)
[1.862s]                                                                                   ^
[1.862s] In file included from /Users/howardkang/auto_car/src/rplidar_ros2-ros2/sdk/src/hal/thread.cpp:35:
[1.862s] In file included from /Users/howardkang/auto_car/src/rplidar_ros2-ros2/./sdk/src/sdkcommon.h:48:
[1.862s] In file included from /Users/howardkang/auto_car/src/rplidar_ros2-ros2/./sdk/include/rplidar.h:39:
[1.862s] /Users/howardkang/auto_car/src/rplidar_ros2-ros2/./sdk/include/rplidar_protocol.h:59:14: warning: zero size arrays are an extension [-Wzero-length-array]
[1.862s]     _u8 data[0];
[1.862s]              ^
[1.862s] /Users/howardkang/auto_car/src/rplidar_ros2-ros2/sdk/src/rplidar_driver.cpp:1805:45: warning: unused parameter 'timeout' [-Wunused-parameter]
[1.862s] u_result RPlidarDriverImplCommon::stop(_u32 timeout)
[1.863s]                                             ^
[1.863s] In file included from /Users/howardkang/auto_car/src/rplidar_ros2-ros2/sdk/src/hal/thread.cpp:35:
[1.863s] In file included from /Users/howardkang/auto_car/src/rplidar_ros2-ros2/./sdk/src/sdkcommon.h:48:
[1.863s] In file included from /Users/howardkang/auto_car/src/rplidar_ros2-ros2/./sdk/include/rplidar.h:40:
[1.863s] /Users/howardkang/auto_car/src/rplidar_ros2-ros2/./sdk/include/rplidar_cmd.h:260:18: warning: zero size arrays are an extension [-Wzero-length-array]
[1.863s]     _u8  payload[0];
[1.863s]                  ^
[1.863s] In file included from /Users/howardkang/auto_car/src/rplidar_ros2-ros2/sdk/src/arch/linux/net_socket.cpp:10:
[1.863s] In file included from /Users/howardkang/auto_car/src/rplidar_ros2-ros2/./sdk/src/sdkcommon.h:48:
[1.863s] In file included from /Users/howardkang/auto_car/src/rplidar_ros2-ros2/./sdk/include/rplidar.h:39:
[1.863s] /Users/howardkang/auto_car/src/rplidar_ros2-ros2/./sdk/include/rplidar_protocol.h:59:14: warning: zero size arrays are an extension [-Wzero-length-array]
[1.863s]     _u8 data[0];
[1.863s]              ^
[1.863s] In file included from /Users/howardkang/auto_car/src/rplidar_ros2-ros2/sdk/src/arch/linux/net_socket.cpp:10:
[1.863s] In file included from /Users/howardkang/auto_car/src/rplidar_ros2-ros2/./sdk/src/sdkcommon.h:48:
[1.864s] In file included from /Users/howardkang/auto_car/src/rplidar_ros2-ros2/./sdk/include/rplidar.h:40:
[1.864s] /Users/howardkang/auto_car/src/rplidar_ros2-ros2/./sdk/include/rplidar_cmd.h:260:18: warning: zero size arrays are an extension [-Wzero-length-array]
[1.864s]     _u8  payload[0];
[1.864s]                  ^
[1.864s] /Users/howardkang/auto_car/src/rplidar_ros2-ros2/sdk/src/rplidar_driver.cpp:2193:68: warning: unused parameter 'timeout' [-Wunused-parameter]
[1.864s] u_result RPlidarDriverImplCommon::setLidarSpinSpeed(_u16 rpm, _u32 timeout)
[1.864s]                                                                    ^
[1.864s] /Users/howardkang/auto_car/src/rplidar_ros2-ros2/sdk/src/rplidar_driver.cpp:2270:83: warning: unused parameter 'flag' [-Wunused-parameter]
[1.864s] u_result RPlidarDriverSerial::connect(const char * port_path, _u32 baudrate, _u32 flag)
[1.864s]                                                                                   ^
[1.864s] /Users/howardkang/auto_car/src/rplidar_ros2-ros2/sdk/src/rplidar_driver.cpp:2312:72: warning: unused parameter 'flag' [-Wunused-parameter]
[1.864s] u_result RPlidarDriverTCP::connect(const char * ipStr, _u32 port, _u32 flag)
[1.864s]                                                                        ^
[1.870s] In file included from /Users/howardkang/auto_car/src/rplidar_ros2-ros2/sdk/src/hal/thread.cpp:43:
[1.871s] /Users/howardkang/auto_car/src/rplidar_ros2-ros2/./sdk/src/arch/linux/thread.hpp:95:19: error: no member named '__sched_priority' in 'sched_param'; did you mean 'sched_priority'?
[1.871s]     current_param.__sched_priority = current_policy;
[1.872s]                   ^~~~~~~~~~~~~~~~
[1.872s]                   sched_priority
[1.872s] /Library/Developer/CommandLineTools/SDKs/MacOSX.sdk/usr/include/pthread/sched.h:35:26: note: 'sched_priority' declared here
[1.872s] struct sched_param { int sched_priority;  char __opaque[__SCHED_PARAM_SIZE__]; };
[1.872s]                          ^
[1.872s] In file included from /Users/howardkang/auto_car/src/rplidar_ros2-ros2/sdk/src/hal/thread.cpp:43:
[1.872s] /Users/howardkang/auto_car/src/rplidar_ros2-ros2/./sdk/src/arch/linux/thread.hpp:118:23: error: no member named '__sched_priority' in 'sched_param'; did you mean 'sched_priority'?
[1.872s]     if (current_param.__sched_priority ==(pthread_priority_max ))
[1.873s]                       ^~~~~~~~~~~~~~~~
[1.873s]                       sched_priority
[1.874s] /Library/Developer/CommandLineTools/SDKs/MacOSX.sdk/usr/include/pthread/sched.h:35:26: note: 'sched_priority' declared here
[1.874s] struct sched_param { int sched_priority;  char __opaque[__SCHED_PARAM_SIZE__]; };
[1.874s]                          ^
[1.874s] In file included from /Users/howardkang/auto_car/src/rplidar_ros2-ros2/sdk/src/hal/thread.cpp:43:
[1.875s] /Users/howardkang/auto_car/src/rplidar_ros2-ros2/./sdk/src/arch/linux/thread.hpp:122:23: error: no member named '__sched_priority' in 'sched_param'; did you mean 'sched_priority'?
[1.875s]     if (current_param.__sched_priority >=(pthread_priority_max + pthread_priority_min)/2)
[1.875s]                       ^~~~~~~~~~~~~~~~
[1.875s]                       sched_priority
[1.875s] /Library/Developer/CommandLineTools/SDKs/MacOSX.sdk/usr/include/pthread/sched.h:35:26: note: 'sched_priority' declared here
[1.875s] struct sched_param { int sched_priority;  char __opaque[__SCHED_PARAM_SIZE__]; };
[1.875s]                          ^
[1.875s] In file included from /Users/howardkang/auto_car/src/rplidar_ros2-ros2/sdk/src/hal/thread.cpp:43:
[1.875s] /Users/howardkang/auto_car/src/rplidar_ros2-ros2/./sdk/src/arch/linux/thread.hpp:129:37: warning: unused parameter 'timeout' [-Wunused-parameter]
[1.875s] u_result Thread::join(unsigned long timeout)
[1.875s]                                     ^
[1.877s] In file included from /Users/howardkang/auto_car/src/rplidar_ros2-ros2/sdk/src/rplidar_driver.cpp:35:
[1.877s] In file included from /Users/howardkang/auto_car/src/rplidar_ros2-ros2/./sdk/src/sdkcommon.h:48:
[1.877s] In file included from /Users/howardkang/auto_car/src/rplidar_ros2-ros2/./sdk/include/rplidar.h:39:
[1.877s] /Users/howardkang/auto_car/src/rplidar_ros2-ros2/./sdk/include/rplidar_protocol.h:59:14: warning: zero size arrays are an extension [-Wzero-length-array]
[1.877s]     _u8 data[0];
[1.877s]              ^
[1.877s] In file included from /Users/howardkang/auto_car/src/rplidar_ros2-ros2/sdk/src/rplidar_driver.cpp:35:
[1.877s] In file included from /Users/howardkang/auto_car/src/rplidar_ros2-ros2/./sdk/src/sdkcommon.h:48:
[1.877s] In file included from /Users/howardkang/auto_car/src/rplidar_ros2-ros2/./sdk/include/rplidar.h:40:
[1.877s] /Users/howardkang/auto_car/src/rplidar_ros2-ros2/./sdk/include/rplidar_cmd.h:260:18: warning: zero size arrays are an extension [-Wzero-length-array]
[1.877s]     _u8  payload[0];
[1.877s]                  ^
[1.886s] In file included from /Users/howardkang/auto_car/src/rplidar_ros2-ros2/sdk/src/arch/linux/net_socket.cpp:10:
[1.886s] In file included from /Users/howardkang/auto_car/src/rplidar_ros2-ros2/./sdk/src/sdkcommon.h:48:
[1.886s] In file included from /Users/howardkang/auto_car/src/rplidar_ros2-ros2/./sdk/include/rplidar.h:39:
[1.886s] /Users/howardkang/auto_car/src/rplidar_ros2-ros2/./sdk/include/rplidar_protocol.h:59:14: warning: zero size arrays are an extension [-Wzero-length-array]
[1.887s]     _u8 data[0];
[1.887s]              ^
[1.887s] In file included from /Users/howardkang/auto_car/src/rplidar_ros2-ros2/sdk/src/arch/linux/net_socket.cpp:10:
[1.887s] In file included from /Users/howardkang/auto_car/src/rplidar_ros2-ros2/./sdk/src/sdkcommon.h:48:
[1.887s] In file included from /Users/howardkang/auto_car/src/rplidar_ros2-ros2/./sdk/include/rplidar.h:40:
[1.888s] /Users/howardkang/auto_car/src/rplidar_ros2-ros2/./sdk/include/rplidar_cmd.h:260:18: warning: zero size arrays are an extension [-Wzero-length-array]
[1.888s]     _u8  payload[0];
[1.888s]                  ^
[1.888s] /Users/howardkang/auto_car/src/rplidar_ros2-ros2/sdk/src/arch/linux/net_socket.cpp:438:17: warning: comparison of integers of different signs: 'size_t' (aka 'unsigned long') and 'int' [-Wsign-compare]
[1.888s]         if (ans == (int)len) {
[1.888s]             ~~~ ^  ~~~~~~~~
[1.893s] In file included from /Users/howardkang/auto_car/src/rplidar_ros2-ros2/sdk/src/rplidar_driver.cpp:41:
[1.893s] /Users/howardkang/auto_car/src/rplidar_ros2-ros2/./sdk/src/hal/locker.h:102:21: error: use of undeclared identifier 'pthread_mutex_timedlock'
[1.893s]             switch (pthread_mutex_timedlock(&_lock,&wait_time))
[1.894s]                     ^
[1.894s] /Users/howardkang/auto_car/src/rplidar_ros2-ros2/sdk/src/arch/linux/net_socket.cpp:726:24: warning: comparison of integers of different signs: 'size_t' (aka 'unsigned long') and 'int' [-Wsign-compare]
[1.894s]             assert(ans == (int)len);
[1.894s]                    ~~~ ^  ~~~~~~~~
[1.894s] /Library/Developer/CommandLineTools/SDKs/MacOSX.sdk/usr/include/assert.h:99:25: note: expanded from macro 'assert'
[1.894s]     (__builtin_expect(!(e), 0) ? __assert_rtn(__func__, __ASSERT_FILE_NAME, __LINE__, #e) : (void)0)
[1.895s]                         ^
[1.895s] In file included from /Users/howardkang/auto_car/src/rplidar_ros2-ros2/sdk/src/hal/thread.cpp:35:
[1.895s] In file included from /Users/howardkang/auto_car/src/rplidar_ros2-ros2/./sdk/src/sdkcommon.h:48:
[1.895s] In file included from /Users/howardkang/auto_car/src/rplidar_ros2-ros2/./sdk/include/rplidar.h:39:
[1.895s] /Users/howardkang/auto_car/src/rplidar_ros2-ros2/./sdk/include/rplidar_protocol.h:59:14: warning: zero size arrays are an extension [-Wzero-length-array]
[1.895s]     _u8 data[0];
[1.896s]              ^
[1.896s] In file included from /Users/howardkang/auto_car/src/rplidar_ros2-ros2/sdk/src/hal/thread.cpp:35:
[1.896s] In file included from /Users/howardkang/auto_car/src/rplidar_ros2-ros2/./sdk/src/sdkcommon.h:48:
[1.896s] In file included from /Users/howardkang/auto_car/src/rplidar_ros2-ros2/./sdk/include/rplidar.h:40:
[1.897s] /Users/howardkang/auto_car/src/rplidar_ros2-ros2/./sdk/include/rplidar_cmd.h:260:18: warning: zero size arrays are an extension [-Wzero-length-array]
[1.897s]     _u8  payload[0];
[1.897s]                  ^
[1.897s] In file included from /Users/howardkang/auto_car/src/rplidar_ros2-ros2/sdk/src/hal/thread.cpp:43:
[1.898s] /Users/howardkang/auto_car/src/rplidar_ros2-ros2/./sdk/src/arch/linux/thread.hpp:95:19: error: no member named '__sched_priority' in 'sched_param'; did you mean 'sched_priority'?
[1.898s]     current_param.__sched_priority = current_policy;
[1.898s]                   ^~~~~~~~~~~~~~~~
[1.898s]                   sched_priority
[1.899s] /Library/Developer/CommandLineTools/SDKs/MacOSX.sdk/usr/include/pthread/sched.h:35:26: note: 'sched_priority' declared here
[1.899s] struct sched_param { int sched_priority;  char __opaque[__SCHED_PARAM_SIZE__]; };
[1.899s]                          ^
[1.899s] In file included from /Users/howardkang/auto_car/src/rplidar_ros2-ros2/sdk/src/hal/thread.cpp:43:
[1.899s] /Users/howardkang/auto_car/src/rplidar_ros2-ros2/./sdk/src/arch/linux/thread.hpp:118:23: error: no member named '__sched_priority' in 'sched_param'; did you mean 'sched_priority'?
[1.899s]     if (current_param.__sched_priority ==(pthread_priority_max ))
[1.899s]                       ^~~~~~~~~~~~~~~~
[1.900s]                       sched_priority
[1.900s] /Library/Developer/CommandLineTools/SDKs/MacOSX.sdk/usr/include/pthread/sched.h:35:26: note: 'sched_priority' declared here
[1.900s] struct sched_param { int sched_priority;  char __opaque[__SCHED_PARAM_SIZE__]; };
[1.900s]                          ^
[1.900s] /Users/howardkang/auto_car/src/rplidar_ros2-ros2/sdk/src/arch/linux/net_socket.cpp:818:20: error: use of undeclared identifier 'AF_PACKET'
[1.900s]             return AF_PACKET;
[1.900s] In file included from                    ^
[1.901s] /Users/howardkang/auto_car/src/rplidar_ros2-ros2/sdk/src/hal/thread.cpp:43:
[1.901s] /Users/howardkang/auto_car/src/rplidar_ros2-ros2/./sdk/src/arch/linux/thread.hpp:122:23: error: no member named '__sched_priority' in 'sched_param'; did you mean 'sched_priority'?
[1.901s]     if (current_param.__sched_priority >=(pthread_priority_max + pthread_priority_min)/2)
[1.901s]                       ^~~~~~~~~~~~~~~~
[1.901s]                       sched_priority
[1.901s] /Library/Developer/CommandLineTools/SDKs/MacOSX.sdk/usr/include/pthread/sched.h:35:26: note: 'sched_priority' declared here
[1.901s] struct sched_param { int sched_priority;  char __opaque[__SCHED_PARAM_SIZE__]; };
[1.901s]                          ^
[1.901s] In file included from /Users/howardkang/auto_car/src/rplidar_ros2-ros2/sdk/src/hal/thread.cpp:43:
[1.902s] /Users/howardkang/auto_car/src/rplidar_ros2-ros2/./sdk/src/arch/linux/thread.hpp:129:37: warning: unused parameter 'timeout' [-Wunused-parameter]
[1.902s] u_result Thread::join(unsigned long timeout)
[1.902s]                                     ^
[1.902s] /Users/howardkang/auto_car/src/rplidar_ros2-ros2/sdk/src/rplidar_driver.cpp:121:46: warning: unused parameter 'timeout' [-Wunused-parameter]
[1.903s] u_result RPlidarDriverImplCommon::reset(_u32 timeout)
[1.903s]                                              ^
[1.903s] /Users/howardkang/auto_car/src/rplidar_ros2-ros2/sdk/src/rplidar_driver.cpp:275:75: warning: unused parameter 'timeout' [-Wunused-parameter]
[1.903s] u_result RPlidarDriverImplCommon::checkIfTofLidar(bool & isTofLidar, _u32 timeout)
[1.903s]                                                                           ^
[1.903s] /Users/howardkang/auto_car/src/rplidar_ros2-ros2/sdk/src/rplidar_driver.cpp:671:16: warning: variable 'last_angleInc_q16' set but not used [-Wunused-but-set-variable]
[1.903s]     static int last_angleInc_q16 = 0;
[1.904s]                ^
[1.904s] /Users/howardkang/auto_car/src/rplidar_ros2-ros2/sdk/src/rplidar_driver.cpp:673:9: warning: unused variable 'syncBit_check_threshold' [-Wunused-variable]
[1.904s]     int syncBit_check_threshold = (int)((5 << 16) / angleInc_q16) + 1;//find syncBit in 0~3 degree
[1.904s]         ^
[1.904s] /Users/howardkang/auto_car/src/rplidar_ros2-ros2/sdk/src/rplidar_driver.cpp:771:46: warning: unused variable 'last_scan_count' [-Wunused-variable]
[1.904s]     size_t                                   last_scan_count = 0;
[1.904s]                                              ^
[1.906s] /Users/howardkang/auto_car/src/rplidar_ros2-ros2/sdk/src/rplidar_driver.cpp:850:17: warning: unused variable 'syncBit_check_threshold' [-Wunused-variable]
[1.907s]             int syncBit_check_threshold = (int)((2 << 16) / angleInc_q16) + 1;//find syncBit in 0~1 degree
[1.907s]                 ^
[1.907s] /Users/howardkang/auto_car/src/rplidar_ros2-ros2/sdk/src/rplidar_driver.cpp:1256:21: warning: unused variable 'syncBit_check_threshold' [-Wunused-variable]
[1.907s]                 int syncBit_check_threshold = (int)((3 << 16) / angleInc_q16)+1;//find syncBit in 0~1 degree
[1.907s]                     ^
[1.907s] /Users/howardkang/auto_car/src/rplidar_ros2-ros2/sdk/src/rplidar_driver.cpp:1238:32: warning: comparison of integers of different signs: 'int' and 'unsigned int' [-Wsign-compare]
[1.907s]             if ((dist_predict1 == 0xFFFFFE00) || (dist_predict1 == 0x1FF)) {
[1.907s]                  ~~~~~~~~~~~~~ ^  ~~~~~~~~~~
[1.907s] /Users/howardkang/auto_car/src/rplidar_ros2-ros2/sdk/src/rplidar_driver.cpp:1246:32: warning: comparison of integers of different signs: 'int' and 'unsigned int' [-Wsign-compare]
[1.907s]             if ((dist_predict2 == 0xFFFFFE00) || (dist_predict2 == 0x1FF)) {
[1.908s]                  ~~~~~~~~~~~~~ ^  ~~~~~~~~~~
[1.908s] /Users/howardkang/auto_car/src/rplidar_ros2-ros2/sdk/src/rplidar_driver.cpp:1484:105: warning: unused parameter 'timeoutInMs' [-Wunused-parameter]
[1.908s] u_result RPlidarDriverImplCommon::getAllSupportedScanModes(std::vector<RplidarScanMode>& outModes, _u32 timeoutInMs)
[1.908s]                                                                                                         ^
[1.908s] /Users/howardkang/auto_car/src/rplidar_ros2-ros2/sdk/src/rplidar_driver.cpp:1581:83: warning: unused parameter 'options' [-Wunused-parameter]
[1.908s] u_result RPlidarDriverImplCommon::startScan(bool force, bool useTypicalScan, _u32 options, RplidarScanMode* outUsedScanMode)
[1.908s]                                                                                   ^
[1.909s] /Users/howardkang/auto_car/src/rplidar_ros2-ros2/sdk/src/rplidar_driver.cpp:1805:45: warning: unused parameter 'timeout' [-Wunused-parameter]
[1.909s] u_result RPlidarDriverImplCommon::stop(_u32 timeout)
[1.909s]                                             ^
[1.909s] /Users/howardkang/auto_car/src/rplidar_ros2-ros2/sdk/src/rplidar_driver.cpp:2193:68: warning: unused parameter 'timeout' [-Wunused-parameter]
[1.909s] u_result RPlidarDriverImplCommon::setLidarSpinSpeed(_u16 rpm, _u32 timeout)
[1.909s]                                                                    ^
[1.909s] /Users/howardkang/auto_car/src/rplidar_ros2-ros2/sdk/src/rplidar_driver.cpp:2270:83: warning: unused parameter 'flag' [-Wunused-parameter]
[1.909s] u_result RPlidarDriverSerial::connect(const char * port_path, _u32 baudrate, _u32 flag)
[1.909s]                                                                                   ^
[1.910s] /Users/howardkang/auto_car/src/rplidar_ros2-ros2/sdk/src/rplidar_driver.cpp:2312:72: warning: unused parameter 'flag' [-Wunused-parameter]
[1.910s] u_result RPlidarDriverTCP::connect(const char * ipStr, _u32 port, _u32 flag)
[1.910s]                                                                        ^
[1.910s] /Users/howardkang/auto_car/src/rplidar_ros2-ros2/sdk/src/arch/linux/net_socket.cpp:438:17: warning: comparison of integers of different signs: 'size_t' (aka 'unsigned long') and 'int' [-Wsign-compare]
[1.910s]         if (ans == (int)len) {
[1.911s]             ~~~ ^  ~~~~~~~~
[1.912s] /Users/howardkang/auto_car/src/rplidar_ros2-ros2/sdk/src/arch/linux/net_socket.cpp:726:24: warning: comparison of integers of different signs: 'size_t' (aka 'unsigned long') and 'int' [-Wsign-compare]
[1.912s]             assert(ans == (int)len);
[1.912s]                    ~~~ ^  ~~~~~~~~
[1.912s] /Library/Developer/CommandLineTools/SDKs/MacOSX.sdk/usr/include/assert.h:99:25: note: expanded from macro 'assert'
[1.912s]     (__builtin_expect(!(e), 0) ? __assert_rtn(__func__, __ASSERT_FILE_NAME, __LINE__, #e) : (void)0)
[1.912s]                         ^
[1.914s] /Users/howardkang/auto_car/src/rplidar_ros2-ros2/sdk/src/arch/linux/net_socket.cpp:818:20: error: use of undeclared identifier 'AF_PACKET'
[1.914s]             return AF_PACKET;
[1.914s]                    ^
[1.917s] 3 warnings and 3 errors generated.
[1.920s] make[2]: *** [CMakeFiles/rplidarNode.dir/build.make:132: CMakeFiles/rplidarNode.dir/sdk/src/hal/thread.cpp.o] Error 1
[1.935s] 3 warnings and 3 errors generated.
[1.938s] make[2]: *** [CMakeFiles/rplidar_composition_node.dir/build.make:132: CMakeFiles/rplidar_composition_node.dir/sdk/src/hal/thread.cpp.o] Error 1
[1.941s] 17 warnings and 1 error generated.
[1.946s] 4 warnings and 1 error generated.
[1.947s] make[2]: *** [CMakeFiles/rplidarNode.dir/build.make:146: CMakeFiles/rplidarNode.dir/sdk/src/rplidar_driver.cpp.o] Error 1
[1.948s] 4 warnings and 1 error generated.
[1.950s] make[2]: *** [CMakeFiles/rplidarNode.dir/build.make:104: CMakeFiles/rplidarNode.dir/sdk/src/arch/linux/net_socket.cpp.o] Error 1
[1.950s] make[1]: *** [CMakeFiles/Makefile2:169: CMakeFiles/rplidarNode.dir/all] Error 2
[1.950s] make[2]: *** [CMakeFiles/rplidar_composition_node.dir/build.make:104: CMakeFiles/rplidar_composition_node.dir/sdk/src/arch/linux/net_socket.cpp.o] Error 1
[1.966s] 17 warnings and 1 error generated.
[1.969s] make[2]: *** [CMakeFiles/rplidar_composition_node.dir/build.make:146: CMakeFiles/rplidar_composition_node.dir/sdk/src/rplidar_driver.cpp.o] Error 1
[1.969s] make[1]: *** [CMakeFiles/Makefile2:143: CMakeFiles/rplidar_composition_node.dir/all] Error 2
[1.969s] make: *** [Makefile:146: all] Error 2
[1.973s] Invoked command in '/Users/howardkang/auto_car/build/rplidar_ros' returned '2': CONDA_PROMPT_MODIFIER=(ros2) SHLVL=2 _=/Users/howardkang/miniconda3/envs/ros2/bin/env __CF_USER_TEXT_ENCODING=0x1F5:0x0:0x0 /Users/howardkang/miniconda3/envs/ros2/bin/cmake --build /Users/howardkang/auto_car/build/rplidar_ros -- -j8 -l8
