[0.079s] Invoking command in '/Users/howardkang/auto_car/build/rplidar_ros': CONDA_PROMPT_MODIFIER=(ros2) SHLVL=2 _=/Users/howardkang/miniconda3/envs/ros2/bin/env __CF_USER_TEXT_ENCODING=0x1F5:0x0:0x0 /Users/howardkang/miniconda3/envs/ros2/bin/cmake --build /Users/howardkang/auto_car/build/rplidar_ros -- -j8 -l8
[0.318s] [ 11%] Building CXX object CMakeFiles/rplidar_composition_node.dir/sdk/src/arch/linux/net_serial.cpp.o
[0.323s] [ 33%] Building CXX object CMakeFiles/rplidar_composition_node.dir/sdk/src/hal/thread.cpp.o
[0.323s] [ 33%] Building CXX object CMakeFiles/rplidar_composition_node.dir/sdk/src/arch/linux/net_socket.cpp.o
[0.327s] [ 44%] Building CXX object CMakeFiles/rplidar_composition_node.dir/sdk/src/rplidar_driver.cpp.o
[1.194s] In file included from /Users/howardkang/auto_car/src/rplidar_ros2-ros2/sdk/src/rplidar_driver.cpp:35:
[1.194s] In file included from /Users/howardkang/auto_car/src/rplidar_ros2-ros2/./sdk/src/sdkcommon.h:48:
[1.194s] In file included from /Users/howardkang/auto_car/src/rplidar_ros2-ros2/./sdk/include/rplidar.h:39:
[1.195s] /Users/howardkang/auto_car/src/rplidar_ros2-ros2/./sdk/include/rplidar_protocol.h:59:14: warning: zero size arrays are an extension [-Wzero-length-array]
[1.195s] In file included from /Users/howardkang/auto_car/src/rplidar_ros2-ros2/sdk/src/arch/linux/net_socket.cpp:10:
[1.195s] In file included from /Users/howardkang/auto_car/src/rplidar_ros2-ros2/./sdk/src/sdkcommon.h:48:
[1.195s] In file included from /Users/howardkang/auto_car/src/rplidar_ros2-ros2/./sdk/include/rplidar.h:39:
[1.195s] /Users/howardkang/auto_car/src/rplidar_ros2-ros2/./sdk/include/rplidar_protocol.h:59:14: warning: zero size arrays are an extension [-Wzero-length-array]
[1.196s]     _u8 data[0];
[1.196s]              ^
[1.196s]     _u8 data[0];
[1.196s]              ^
[1.196s] In file included from /Users/howardkang/auto_car/src/rplidar_ros2-ros2/sdk/src/rplidar_driver.cpp:35:
[1.196s] In file included from /Users/howardkang/auto_car/src/rplidar_ros2-ros2/./sdk/src/sdkcommon.h:48:
[1.196s] In file included from /Users/howardkang/auto_car/src/rplidar_ros2-ros2/./sdk/include/rplidar.h:40:
[1.196s] /Users/howardkang/auto_car/src/rplidar_ros2-ros2/./sdk/include/rplidar_cmd.h:260:18: warning: zero size arrays are an extension [-Wzero-length-array]
[1.196s]     _u8  payload[0];
[1.196s]                  ^
[1.196s] In file included from /Users/howardkang/auto_car/src/rplidar_ros2-ros2/sdk/src/arch/linux/net_socket.cpp:10:
[1.196s] In file included from /Users/howardkang/auto_car/src/rplidar_ros2-ros2/./sdk/src/sdkcommon.h:48:
[1.196s] In file included from /Users/howardkang/auto_car/src/rplidar_ros2-ros2/./sdk/include/rplidar.h:40:
[1.196s] /Users/howardkang/auto_car/src/rplidar_ros2-ros2/./sdk/include/rplidar_cmd.h:260:18: warning: zero size arrays are an extension [-Wzero-length-array]
[1.196s]     _u8  payload[0];
[1.196s]                  ^
[1.197s] /Users/howardkang/auto_car/src/rplidar_ros2-ros2/sdk/src/arch/linux/net_serial.cpp:55:10: fatal error: 'asm/ioctls.h' file not found
[1.197s] #include <asm/ioctls.h>
[1.198s]          ^~~~~~~~~~~~~~
[1.200s] In file included from /Users/howardkang/auto_car/src/rplidar_ros2-ros2/sdk/src/hal/thread.cpp:35:
[1.201s] In file included from /Users/howardkang/auto_car/src/rplidar_ros2-ros2/./sdk/src/sdkcommon.h:48:
[1.201s] In file included from /Users/howardkang/auto_car/src/rplidar_ros2-ros2/./sdk/include/rplidar.h:39:
[1.201s] /Users/howardkang/auto_car/src/rplidar_ros2-ros2/./sdk/include/rplidar_protocol.h:59:14: warning: zero size arrays are an extension [-Wzero-length-array]
[1.201s]     _u8 data[0];
[1.201s]              ^
[1.201s] In file included from /Users/howardkang/auto_car/src/rplidar_ros2-ros2/sdk/src/hal/thread.cpp:35:
[1.201s] In file included from /Users/howardkang/auto_car/src/rplidar_ros2-ros2/./sdk/src/sdkcommon.h:48:
[1.201s] In file included from /Users/howardkang/auto_car/src/rplidar_ros2-ros2/./sdk/include/rplidar.h:40:
[1.201s] /Users/howardkang/auto_car/src/rplidar_ros2-ros2/./sdk/include/rplidar_cmd.h:260:18: warning: zero size arrays are an extension [-Wzero-length-array]
[1.201s]     _u8  payload[0];
[1.201s]                  ^
[1.202s] 1 error generated.
[1.207s] In file included from /Users/howardkang/auto_car/src/rplidar_ros2-ros2/sdk/src/hal/thread.cpp:43:
[1.207s] /Users/howardkang/auto_car/src/rplidar_ros2-ros2/./sdk/src/arch/linux/thread.hpp:95:19: error: no member named '__sched_priority' in 'sched_param'; did you mean 'sched_priority'?
[1.209s]     current_param.__sched_priority = current_policy;
[1.209s]                   ^~~~~~~~~~~~~~~~
[1.209s]                   sched_priority
[1.210s] /Library/Developer/CommandLineTools/SDKs/MacOSX.sdk/usr/include/pthread/sched.h:35:26: note: 'sched_priority' declared here
[1.210s] struct sched_param { int sched_priority;  char __opaque[__SCHED_PARAM_SIZE__]; };
[1.210s]                          ^
[1.210s] In file included from /Users/howardkang/auto_car/src/rplidar_ros2-ros2/sdk/src/rplidar_driver.cpp:41:
[1.210s] /Users/howardkang/auto_car/src/rplidar_ros2-ros2/./sdk/src/hal/locker.h:102:21: error: use of undeclared identifier 'pthread_mutex_timedlock'
[1.210s]             switch (pthread_mutex_timedlock(&_lock,&wait_time))
[1.211s]                     ^
[1.212s] In file included from /Users/howardkang/auto_car/src/rplidar_ros2-ros2/sdk/src/hal/thread.cpp:43:
[1.212s] /Users/howardkang/auto_car/src/rplidar_ros2-ros2/./sdk/src/arch/linux/thread.hpp:118:23: error: no member named '__sched_priority' in 'sched_param'; did you mean 'sched_priority'?
[1.212s]     if (current_param.__sched_priority ==(pthread_priority_max ))
[1.212s]                       ^~~~~~~~~~~~~~~~
[1.212s]                       sched_priority
[1.212s] make[2]: *** [CMakeFiles/rplidar_composition_node.dir/build.make:90: CMakeFiles/rplidar_composition_node.dir/sdk/src/arch/linux/net_serial.cpp.o] Error 1
[1.212s] /Library/Developer/CommandLineTools/SDKs/MacOSX.sdk/usr/include/pthread/sched.h:35:26: note: 'sched_priority' declared here
[1.212s] struct sched_param { int sched_priority;  char __opaque[__SCHED_PARAM_SIZE__]; };
[1.212s]                          ^make[2]: *** Waiting for unfinished jobs....
[1.212s] 
[1.212s] In file included from /Users/howardkang/auto_car/src/rplidar_ros2-ros2/sdk/src/hal/thread.cpp:43:
[1.212s] /Users/howardkang/auto_car/src/rplidar_ros2-ros2/./sdk/src/arch/linux/thread.hpp:122:23: error: no member named '__sched_priority' in 'sched_param'; did you mean 'sched_priority'?
[1.212s]     if (current_param.__sched_priority >=(pthread_priority_max + pthread_priority_min)/2)
[1.212s]                       ^~~~~~~~~~~~~~~~
[1.212s]                       sched_priority
[1.212s] /Library/Developer/CommandLineTools/SDKs/MacOSX.sdk/usr/include/pthread/sched.h:35:26: note: 'sched_priority' declared here
[1.212s] struct sched_param { int sched_priority;  char __opaque[__SCHED_PARAM_SIZE__]; };
[1.212s]                          ^
[1.212s] In file included from /Users/howardkang/auto_car/src/rplidar_ros2-ros2/sdk/src/hal/thread.cpp:43:
[1.212s] /Users/howardkang/auto_car/src/rplidar_ros2-ros2/./sdk/src/arch/linux/thread.hpp:129:37: warning: unused parameter 'timeout' [-Wunused-parameter]
[1.212s] u_result Thread::join(unsigned long timeout)
[1.212s]                                     ^
[1.217s] /Users/howardkang/auto_car/src/rplidar_ros2-ros2/sdk/src/rplidar_driver.cpp:121:46: warning: unused parameter 'timeout' [-Wunused-parameter]
[1.217s] u_result RPlidarDriverImplCommon::reset(_u32 timeout)
[1.218s]                                              ^
[1.218s] /Users/howardkang/auto_car/src/rplidar_ros2-ros2/sdk/src/rplidar_driver.cpp:275:75: warning: unused parameter 'timeout' [-Wunused-parameter]
[1.218s] u_result RPlidarDriverImplCommon::checkIfTofLidar(bool & isTofLidar, _u32 timeout)
[1.218s]                                                                           ^
[1.220s] /Users/howardkang/auto_car/src/rplidar_ros2-ros2/sdk/src/rplidar_driver.cpp:671:16: warning: variable 'last_angleInc_q16' set but not used [-Wunused-but-set-variable]
[1.220s]     static int last_angleInc_q16 = 0;
[1.220s]                ^
[1.220s] /Users/howardkang/auto_car/src/rplidar_ros2-ros2/sdk/src/rplidar_driver.cpp:673:9: warning: unused variable 'syncBit_check_threshold' [-Wunused-variable]
[1.220s]     int syncBit_check_threshold = (int)((5 << 16) / angleInc_q16) + 1;//find syncBit in 0~3 degree
[1.221s]         ^
[1.221s] /Users/howardkang/auto_car/src/rplidar_ros2-ros2/sdk/src/rplidar_driver.cpp:771:46: warning: unused variable 'last_scan_count' [-Wunused-variable]
[1.221s]     size_t                                   last_scan_count = 0;
[1.221s]                                              ^
[1.221s] /Users/howardkang/auto_car/src/rplidar_ros2-ros2/sdk/src/rplidar_driver.cpp:850:17: warning: unused variable 'syncBit_check_threshold' [-Wunused-variable]
[1.222s]             int syncBit_check_threshold = (int)((2 << 16) / angleInc_q16) + 1;//find syncBit in 0~1 degree
[1.222s]                 ^
[1.224s] /Users/howardkang/auto_car/src/rplidar_ros2-ros2/sdk/src/rplidar_driver.cpp:1256:21: warning: unused variable 'syncBit_check_threshold' [-Wunused-variable]
[1.224s]                 int syncBit_check_threshold = (int)((3 << 16) / angleInc_q16)+1;//find syncBit in 0~1 degree
[1.224s]                     ^
[1.224s] /Users/howardkang/auto_car/src/rplidar_ros2-ros2/sdk/src/rplidar_driver.cpp:1238:32: warning: comparison of integers of different signs: 'int' and 'unsigned int' [-Wsign-compare]
[1.224s]             if ((dist_predict1 == 0xFFFFFE00) || (dist_predict1 == 0x1FF)) {
[1.224s]                  ~~~~~~~~~~~~~ ^  ~~~~~~~~~~
[1.224s] /Users/howardkang/auto_car/src/rplidar_ros2-ros2/sdk/src/rplidar_driver.cpp:1246:32: warning: comparison of integers of different signs: 'int' and 'unsigned int' [-Wsign-compare]
[1.224s]             if ((dist_predict2 == 0xFFFFFE00) || (dist_predict2 == 0x1FF)) {
[1.224s]                  ~~~~~~~~~~~~~ ^  ~~~~~~~~~~
[1.229s] /Users/howardkang/auto_car/src/rplidar_ros2-ros2/sdk/src/rplidar_driver.cpp:1484:105: warning: unused parameter 'timeoutInMs' [-Wunused-parameter]
[1.229s] u_result RPlidarDriverImplCommon::getAllSupportedScanModes(std::vector<RplidarScanMode>& outModes, _u32 timeoutInMs)
[1.229s]                                                                                                         ^
[1.230s] /Users/howardkang/auto_car/src/rplidar_ros2-ros2/sdk/src/rplidar_driver.cpp:1581:83: warning: unused parameter 'options' [-Wunused-parameter]
[1.230s] u_result RPlidarDriverImplCommon::startScan(bool force, bool useTypicalScan, _u32 options, RplidarScanMode* outUsedScanMode)
[1.230s]                                                                                   ^
[1.230s] /Users/howardkang/auto_car/src/rplidar_ros2-ros2/sdk/src/rplidar_driver.cpp:1805:45: warning: unused parameter 'timeout' [-Wunused-parameter]
[1.230s] u_result RPlidarDriverImplCommon::stop(_u32 timeout)
[1.230s]                                             ^
[1.233s] /Users/howardkang/auto_car/src/rplidar_ros2-ros2/sdk/src/arch/linux/net_socket.cpp:438:17: warning: comparison of integers of different signs: 'size_t' (aka 'unsigned long') and 'int' [-Wsign-compare]
[1.233s]         if (ans == (int)len) {
[1.233s]             ~~~ ^  ~~~~~~~~
[1.234s] /Users/howardkang/auto_car/src/rplidar_ros2-ros2/sdk/src/rplidar_driver.cpp:2193:68: warning: unused parameter 'timeout' [-Wunused-parameter]
[1.234s] u_result RPlidarDriverImplCommon::setLidarSpinSpeed(_u16 rpm, _u32 timeout)
[1.234s]                                                                    ^
[1.235s] /Users/howardkang/auto_car/src/rplidar_ros2-ros2/sdk/src/rplidar_driver.cpp:2270:83: warning: unused parameter 'flag' [-Wunused-parameter]
[1.235s] u_result RPlidarDriverSerial::connect(const char * port_path, _u32 baudrate, _u32 flag)
[1.235s]                                                                                   ^
[1.235s] /Users/howardkang/auto_car/src/rplidar_ros2-ros2/sdk/src/rplidar_driver.cpp:2312:72: warning: unused parameter 'flag' [-Wunused-parameter]
[1.235s] u_result RPlidarDriverTCP::connect(const char * ipStr, _u32 port, _u32 flag)
[1.235s]                                                                        ^
[1.237s] /Users/howardkang/auto_car/src/rplidar_ros2-ros2/sdk/src/arch/linux/net_socket.cpp:726:24: warning: comparison of integers of different signs: 'size_t' (aka 'unsigned long') and 'int' [-Wsign-compare]
[1.237s]             assert(ans == (int)len);
[1.238s]                    ~~~ ^  ~~~~~~~~
[1.238s] /Library/Developer/CommandLineTools/SDKs/MacOSX.sdk/usr/include/assert.h:99:25: note: expanded from macro 'assert'
[1.238s]     (__builtin_expect(!(e), 0) ? __assert_rtn(__func__, __ASSERT_FILE_NAME, __LINE__, #e) : (void)0)
[1.238s]                         ^
[1.243s] 3 warnings and 3 errors generated.
[1.243s] /Users/howardkang/auto_car/src/rplidar_ros2-ros2/sdk/src/arch/linux/net_socket.cpp:818:20: error: use of undeclared identifier 'AF_PACKET'
[1.243s]             return AF_PACKET;
[1.243s]                    ^
[1.243s] make[2]: *** [CMakeFiles/rplidar_composition_node.dir/build.make:132: CMakeFiles/rplidar_composition_node.dir/sdk/src/hal/thread.cpp.o] Error 1
[1.276s] 4 warnings and 1 error generated.
[1.279s] make[2]: *** [CMakeFiles/rplidar_composition_node.dir/build.make:104: CMakeFiles/rplidar_composition_node.dir/sdk/src/arch/linux/net_socket.cpp.o] Error 1
[1.294s] 17 warnings and 1 error generated.
[1.294s] make[2]: *** [CMakeFiles/rplidar_composition_node.dir/build.make:146: CMakeFiles/rplidar_composition_node.dir/sdk/src/rplidar_driver.cpp.o] Error 1
[1.294s] make[1]: *** [CMakeFiles/Makefile2:139: CMakeFiles/rplidar_composition_node.dir/all] Error 2
[1.294s] make: *** [Makefile:146: all] Error 2
[1.295s] Invoked command in '/Users/howardkang/auto_car/build/rplidar_ros' returned '2': CONDA_PROMPT_MODIFIER=(ros2) SHLVL=2 _=/Users/howardkang/miniconda3/envs/ros2/bin/env __CF_USER_TEXT_ENCODING=0x1F5:0x0:0x0 /Users/howardkang/miniconda3/envs/ros2/bin/cmake --build /Users/howardkang/auto_car/build/rplidar_ros -- -j8 -l8
