[0.059s] Invoking command in '/Users/howardkang/auto_car/build/my_package': CONDA_PROMPT_MODIFIER=(ros2) SHLVL=2 _=/Users/howardkang/miniconda3/envs/ros2/bin/env __CF_USER_TEXT_ENCODING=0x1F5:0x0:0x0 /Users/howardkang/miniconda3/envs/ros2/bin/cmake --build /Users/howardkang/auto_car/build/my_package -- -j8 -l8
[0.482s] -- Found Python3: /Users/howardkang/miniconda3/envs/ros2/bin/python3 (found version "3.10.13") found components: Interpreter 
[0.497s] -- Found ament_cmake: 1.3.3 (/Users/howardkang/miniconda3/envs/ros2/share/ament_cmake/cmake)
[0.547s] -- Override CMake install command with custom implementation using symlinks instead of copying resources
[0.565s] -- Found std_msgs: 4.2.3 (/Users/howardkang/miniconda3/envs/ros2/share/std_msgs/cmake)
[0.593s] -- Found rosidl_generator_c: 3.1.4 (/Users/howardkang/miniconda3/envs/ros2/share/rosidl_generator_c/cmake)
[0.595s] -- Found rosidl_adapter: 3.1.4 (/Users/howardkang/miniconda3/envs/ros2/share/rosidl_adapter/cmake)
[0.603s] -- Found rosidl_generator_cpp: 3.1.4 (/Users/howardkang/miniconda3/envs/ros2/share/rosidl_generator_cpp/cmake)
[0.614s] -- Using all available rosidl_typesupport_c: rosidl_typesupport_fastrtps_c;rosidl_typesupport_introspection_c
[0.630s] -- Using all available rosidl_typesupport_cpp: rosidl_typesupport_fastrtps_cpp;rosidl_typesupport_introspection_cpp
[0.672s] -- Found rosidl_default_generators: 1.2.0 (/Users/howardkang/miniconda3/envs/ros2/share/rosidl_default_generators/cmake)
[0.820s] -- Found ament_cmake_ros: 0.10.0 (/Users/howardkang/miniconda3/envs/ros2/share/ament_cmake_ros/cmake)
[0.961s] -- Using all available rosidl_typesupport_c: rosidl_typesupport_fastrtps_c;rosidl_typesupport_introspection_c
[1.013s] -- Using all available rosidl_typesupport_cpp: rosidl_typesupport_fastrtps_cpp;rosidl_typesupport_introspection_cpp
[1.026s] -- Found python_cmake_module: 0.10.0 (/Users/howardkang/miniconda3/envs/ros2/share/python_cmake_module/cmake)
[1.038s] -- Using PythonExtra_INCLUDE_DIRS: /Users/howardkang/miniconda3/envs/ros2/include/python3.10;/Users/howardkang/miniconda3/envs/ros2/include/python3.10
[1.038s] -- Using PythonExtra_LIBRARIES: /Users/howardkang/miniconda3/envs/ros2/lib/libpython3.10.dylib
[3.011s] CMake Error at /Users/howardkang/miniconda3/envs/ros2/share/cmake-3.26/Modules/FindPackageHandleStandardArgs.cmake:230 (message):
[3.011s]   Could NOT find Python3 (missing: Development NumPy Development.Module
[3.011s]   Development.Embed) (found version "3.10.13")
[3.011s] Call Stack (most recent call first):
[3.011s]   /Users/howardkang/miniconda3/envs/ros2/share/cmake-3.26/Modules/FindPackageHandleStandardArgs.cmake:600 (_FPHSA_FAILURE_MESSAGE)
[3.011s]   /Users/howardkang/miniconda3/envs/ros2/share/cmake-3.26/Modules/FindPython/Support.cmake:3766 (find_package_handle_standard_args)
[3.011s]   /Users/howardkang/miniconda3/envs/ros2/share/cmake-3.26/Modules/FindPython3.cmake:551 (include)
[3.011s]   /Users/howardkang/miniconda3/envs/ros2/share/rosidl_generator_py/cmake/rosidl_generator_py_generate_interfaces.cmake:24 (find_package)
[3.011s]   /Users/howardkang/miniconda3/envs/ros2/share/ament_cmake_core/cmake/core/ament_execute_extensions.cmake:48 (include)
[3.011s]   /Users/howardkang/miniconda3/envs/ros2/share/rosidl_cmake/cmake/rosidl_generate_interfaces.cmake:286 (ament_execute_extensions)
[3.011s]   CMakeLists.txt:15 (rosidl_generate_interfaces)
[3.011s] 
[3.011s] 
[3.011s] -- Configuring incomplete, errors occurred!
[3.014s] make: *** [Makefile:226: cmake_check_build_system] Error 1
[3.015s] Invoked command in '/Users/howardkang/auto_car/build/my_package' returned '2': CONDA_PROMPT_MODIFIER=(ros2) SHLVL=2 _=/Users/howardkang/miniconda3/envs/ros2/bin/env __CF_USER_TEXT_ENCODING=0x1F5:0x0:0x0 /Users/howardkang/miniconda3/envs/ros2/bin/cmake --build /Users/howardkang/auto_car/build/my_package -- -j8 -l8
